<?xml version="1.0" encoding="UTF-8"?>
<!-- Generated by org.testng.reporters.JUnitXMLReporter -->
<testsuite ignored="5" hostname="LAPTOP-4VVFQ6JD" failures="0" tests="1" name="Default test" time="4.612" errors="0" timestamp="2024-07-04T20:38:34 EET">
  <testcase classname="MyTestCases" name="checkDepartureandReturnDates" time="0.115"/>
  <testcase classname="MyTestCases" name="checkHotelsTabIsNotSelected" time="0.0">
    <ignored/>
  </testcase> <!-- checkHotelsTabIsNotSelected -->
  <testcase classname="MyTestCases" name="checkLangauge" time="0.0">
    <ignored/>
  </testcase> <!-- checkLangauge -->
  <testcase classname="MyTestCases" name="checkMobileNumber" time="0.0">
    <ignored/>
  </testcase> <!-- checkMobileNumber -->
  <testcase classname="MyTestCases" name="checkCurrency" time="0.0">
    <ignored/>
  </testcase> <!-- checkCurrency -->
  <testcase classname="MyTestCases" name="checkQitafLogo" time="0.0">
    <ignored/>
  </testcase> <!-- checkQitafLogo -->
</testsuite> <!-- Default test -->
