<?xml version="1.0" encoding="UTF-8"?>
<!-- Generated by org.testng.reporters.JUnitXMLReporter -->
<testsuite ignored="7" hostname="LAPTOP-4VVFQ6JD" failures="0" tests="3" name="Default test" time="8.703" errors="0" timestamp="2024-07-07T22:58:02 EET">
  <testcase classname="MyTestCases" name="checkHotelsTab" time="1.014"/>
  <testcase classname="MyTestCases" name="checkReservation" time="0.062"/>
  <testcase classname="MyTestCases" name="clickonSearch" time="2.882"/>
  <testcase classname="MyTestCases" name="checkLangauge" time="0.0">
    <ignored/>
  </testcase> <!-- checkLangauge -->
  <testcase classname="MyTestCases" name="checkHotelsTabIsNotSelected" time="0.0">
    <ignored/>
  </testcase> <!-- checkHotelsTabIsNotSelected -->
  <testcase classname="MyTestCases" name="checkMobileNumber" time="0.0">
    <ignored/>
  </testcase> <!-- checkMobileNumber -->
  <testcase classname="MyTestCases" name="checkDepartureandReturnDates" time="0.0">
    <ignored/>
  </testcase> <!-- checkDepartureandReturnDates -->
  <testcase classname="MyTestCases" name="checkCurrency" time="0.0">
    <ignored/>
  </testcase> <!-- checkCurrency -->
  <testcase classname="MyTestCases" name="checkLanguageIsSelectedRandomly" time="0.0">
    <ignored/>
  </testcase> <!-- checkLanguageIsSelectedRandomly -->
  <testcase classname="MyTestCases" name="checkQitafLogo" time="0.0">
    <ignored/>
  </testcase> <!-- checkQitafLogo -->
</testsuite> <!-- Default test -->
