<?xml version="1.0" encoding="UTF-8"?>
<testng-results ignored="5" total="6" passed="1" failed="0" skipped="0">
  <reporter-output>
  </reporter-output>
  <suite started-at="2024-07-04T20:38:30 EET" name="Default suite" finished-at="2024-07-04T20:38:34 EET" duration-ms="4612">
    <groups>
    </groups>
    <test started-at="2024-07-04T20:38:30 EET" name="Default test" finished-at="2024-07-04T20:38:34 EET" duration-ms="4612">
      <class name="MyTestCases">
        <test-method is-config="true" signature="mySetup()[pri:0, instance:MyTestCases@3a3e78f]" started-at="2024-07-04T20:38:30 EET" name="mySetup" finished-at="2024-07-04T20:38:34 EET" duration-ms="4468" status="PASS">
          <reporter-output>
          </reporter-output>
        </test-method> <!-- mySetup -->
        <test-method signature="checkDepartureandReturnDates()[pri:6, instance:MyTestCases@3a3e78f]" started-at="2024-07-04T20:38:34 EET" name="checkDepartureandReturnDates" finished-at="2024-07-04T20:38:34 EET" duration-ms="115" status="PASS">
          <reporter-output>
          </reporter-output>
        </test-method> <!-- checkDepartureandReturnDates -->
      </class> <!-- MyTestCases -->
    </test> <!-- Default test -->
  </suite> <!-- Default suite -->
</testng-results>
