<?xml version="1.0" encoding="UTF-8"?>
<testng-results ignored="7" total="10" passed="3" failed="0" skipped="0">
  <reporter-output>
  </reporter-output>
  <suite started-at="2024-07-07T22:57:53 EET" name="Default suite" finished-at="2024-07-07T22:58:02 EET" duration-ms="8703">
    <groups>
    </groups>
    <test started-at="2024-07-07T22:57:53 EET" name="Default test" finished-at="2024-07-07T22:58:02 EET" duration-ms="8703">
      <class name="MyTestCases">
        <test-method is-config="true" signature="mySetup()[pri:0, instance:MyTestCases@c5dc4a2]" started-at="2024-07-07T22:57:53 EET" name="mySetup" finished-at="2024-07-07T22:57:58 EET" duration-ms="4723" status="PASS">
          <reporter-output>
          </reporter-output>
        </test-method> <!-- mySetup -->
        <test-method signature="checkHotelsTab()[pri:8, instance:MyTestCases@c5dc4a2]" started-at="2024-07-07T22:57:58 EET" name="checkHotelsTab" finished-at="2024-07-07T22:57:59 EET" duration-ms="1014" status="PASS">
          <reporter-output>
          </reporter-output>
        </test-method> <!-- checkHotelsTab -->
        <test-method signature="checkReservation()[pri:9, instance:MyTestCases@c5dc4a2]" started-at="2024-07-07T22:57:59 EET" name="checkReservation" finished-at="2024-07-07T22:57:59 EET" duration-ms="62" status="PASS">
          <reporter-output>
          </reporter-output>
        </test-method> <!-- checkReservation -->
        <test-method signature="clickonSearch()[pri:10, instance:MyTestCases@c5dc4a2]" started-at="2024-07-07T22:57:59 EET" name="clickonSearch" finished-at="2024-07-07T22:58:02 EET" duration-ms="2882" status="PASS">
          <reporter-output>
          </reporter-output>
        </test-method> <!-- clickonSearch -->
      </class> <!-- MyTestCases -->
    </test> <!-- Default test -->
  </suite> <!-- Default suite -->
</testng-results>
